{
  "RSpec": {
    "coverage": {
      "/Users/markpearl/Source/lairdubois-opencutlist-sketchup-extension/src/ladb_opencutlist/ruby/constants.rb": [
        1,
        null,
        1,
        1,
        1,
        null,
        null
      ],
      "/Users/markpearl/Source/lairdubois-opencutlist-sketchup-extension/src/ladb_opencutlist/ruby/lib/bin_packing_2d/packengine.rb": [
        1,
        null,
        1,
        1,
        1,
        1,
        1,
        1,
        1,
        1,
        null,
        1,
        null,
        1,
        1,
        1,
        1,
        null,
        null,
        1,
        0,
        null,
        null,
        1,
        1,
        null,
        null,
        1,
        null,
        null,
        1,
        0,
        null,
        null,
        null,
        1,
        null,
        1,
        null,
        1,
        6,
        null,
        36,
        36,
        36,
        36,
        36,
        null,
        null,
        null,
        36,
        36,
        36,
        0,
        0,
        null,
        null,
        null,
        36,
        36,
        36,
        null,
        null,
        null,
        null,
        1,
        1,
        null,
        1,
        36,
        0,
        36,
        0,
        null,
        36,
        null,
        null,
        null,
        1,
        null,
        1,
        36,
        null,
        null,
        1,
        null,
        null,
        null
      ],
      "/Users/markpearl/Source/lairdubois-opencutlist-sketchup-extension/src/ladb_opencutlist/ruby/lib/bin_packing_2d/packing2d.rb": [
        1,
        null,
        1,
        null,
        1,
        1,
        1,
        1,
        1,
        null,
        1,
        1,
        1,
        null,
        1,
        1,
        1,
        null,
        1,
        1,
        1,
        1,
        1,
        1,
        null,
        1,
        1,
        1,
        1,
        1,
        1,
        null,
        1,
        1,
        null,
        1,
        1,
        1,
        1,
        null,
        1,
        null,
        1,
        0,
        0,
        0,
        0,
        null,
        0,
        null,
        0,
        null,
        null,
        null,
        1,
        0,
        0,
        0,
        0,
        null,
        0,
        null,
        0,
        null,
        null,
        null,
        1,
        0,
        0,
        0,
        0,
        null,
        0,
        null,
        0,
        null,
        null,
        null,
        null,
        null,
        null,
        null,
        null
      ],
      "/Users/markpearl/Source/lairdubois-opencutlist-sketchup-extension/src/ladb_opencutlist/ruby/lib/bin_packing_2d/box.rb": [
        1,
        null,
        1,
        null,
        1,
        null,
        1,
        1,
        1,
        1,
        1,
        1,
        1,
        1,
        1,
        1,
        null,
        null,
        null,
        null,
        null,
        1,
        36,
        36,
        null,
        null,
        null,
        null,
        null,
        1,
        0,
        null,
        0,
        0,
        null,
        0,
        0,
        0,
        0,
        0,
        null,
        null,
        null,
        null,
        null,
        null,
        1,
        0,
        null,
        0,
        0,
        null,
        0,
        0,
        0,
        0,
        0,
        0,
        null,
        null,
        null,
        null,
        null,
        null,
        1,
        0,
        0,
        0,
        null,
        0,
        null,
        null,
        null,
        null,
        null,
        null,
        1,
        0,
        0,
        0,
        0,
        0,
        null,
        0,
        null,
        0,
        0,
        null,
        0,
        0,
        null,
        null,
        0,
        null,
        null,
        1,
        36,
        null,
        null,
        null,
        null,
        1,
        0,
        0,
        0,
        null,
        null,
        null,
        null,
        1,
        0,
        null,
        null,
        null,
        1,
        0,
        null,
        null,
        null
      ],
      "/Users/markpearl/Source/lairdubois-opencutlist-sketchup-extension/src/ladb_opencutlist/ruby/lib/bin_packing_2d/bin.rb": [
        1,
        null,
        null,
        null,
        null,
        null,
        null,
        null,
        1,
        null,
        1,
        1,
        null,
        1,
        108,
        108,
        108,
        108,
        108,
        108,
        108,
        108,
        108,
        108,
        108,
        108,
        108,
        108,
        108,
        108,
        null,
        null,
        1,
        36,
        36,
        36,
        36,
        null,
        null,
        null,
        null,
        null,
        null,
        null,
        1,
        36,
        36,
        36,
        36,
        36,
        36,
        36,
        null,
        null,
        null,
        null,
        null,
        null,
        1,
        36,
        36,
        36,
        36,
        36,
        36,
        null,
        0,
        0,
        0,
        null,
        36,
        null,
        null,
        null,
        null,
        null,
        1,
        36,
        36,
        36,
        36,
        36,
        36,
        null,
        0,
        0,
        0,
        null,
        36,
        null,
        null,
        null,
        null,
        null,
        null,
        1,
        36,
        36,
        null,
        36,
        null,
        6,
        null,
        6,
        null,
        6,
        null,
        6,
        null,
        6,
        null,
        6,
        null,
        0,
        null,
        null,
        36,
        null,
        null,
        null,
        null,
        1,
        72,
        null,
        null,
        null,
        null,
        null,
        1,
        0,
        null,
        null,
        null,
        null,
        1,
        null,
        36,
        36,
        null,
        36,
        36,
        null,
        null,
        null,
        null,
        1,
        72,
        null,
        null,
        null,
        null,
        null,
        1,
        0,
        0,
        null,
        0,
        0,
        null,
        null,
        null,
        null,
        null,
        null,
        null,
        null,
        1,
        0,
        null,
        0,
        0,
        0,
        null,
        0,
        0,
        null,
        null,
        null,
        0,
        null,
        0,
        0,
        null,
        0,
        null,
        0,
        0,
        null,
        0,
        0,
        null,
        0,
        0,
        null,
        0,
        null,
        0,
        null,
        0,
        0,
        null,
        null,
        null,
        null,
        null,
        null,
        null,
        0,
        null,
        null,
        null,
        null,
        null,
        null,
        null,
        0,
        null,
        0,
        0,
        0,
        null,
        0,
        0,
        null,
        null,
        0,
        0,
        0,
        null,
        0,
        0,
        null,
        null,
        null,
        0,
        0,
        0,
        null,
        0,
        0,
        null,
        0,
        0,
        0,
        null,
        0,
        0,
        null,
        null,
        null,
        null,
        0,
        0,
        0,
        0,
        null,
        null,
        0,
        0,
        null,
        null,
        null,
        null,
        null,
        null,
        1,
        36,
        72,
        36,
        null,
        null,
        null,
        null,
        1,
        36,
        36,
        36,
        72,
        72,
        null,
        36,
        null,
        null,
        null,
        null,
        null,
        1,
        0,
        0,
        0,
        0,
        0,
        null,
        0,
        null,
        null,
        null,
        null,
        null,
        null,
        1,
        0,
        0,
        0,
        0,
        0,
        0,
        0,
        null,
        null,
        0,
        null,
        null,
        1,
        108,
        null,
        null,
        null,
        null,
        null
      ],
      "/Users/markpearl/Source/lairdubois-opencutlist-sketchup-extension/src/ladb_opencutlist/ruby/lib/bin_packing_2d/cut.rb": [
        1,
        null,
        1,
        null,
        1,
        null,
        1,
        72,
        72,
        72,
        72,
        72,
        null,
        null,
        1,
        72,
        36,
        null,
        null,
        1,
        72,
        36,
        null,
        null,
        null,
        null,
        null
      ],
      "/Users/markpearl/Source/lairdubois-opencutlist-sketchup-extension/src/ladb_opencutlist/ruby/lib/bin_packing_2d/score.rb": [
        1,
        null,
        1,
        null,
        null,
        1,
        null,
        1,
        1,
        1,
        1,
        1,
        1,
        null,
        null,
        null,
        1,
        54,
        null,
        12,
        null,
        12,
        null,
        12,
        null,
        6,
        null,
        6,
        null,
        6,
        null,
        null,
        null,
        null,
        null,
        1,
        36,
        null,
        36,
        null,
        36,
        null,
        36,
        36,
        36,
        36,
        36,
        36,
        null,
        36,
        36,
        36,
        36,
        0,
        36,
        0,
        null,
        36,
        null,
        36,
        null,
        36,
        0,
        0,
        0,
        0,
        0,
        0,
        0,
        0,
        null,
        0,
        null,
        0,
        null,
        null,
        null,
        null,
        36,
        0,
        0,
        0,
        0,
        0,
        null,
        0,
        null,
        0,
        0,
        null,
        36,
        36,
        0,
        0,
        null,
        36,
        null,
        null,
        null,
        72,
        36,
        null,
        null,
        null,
        null,
        null
      ],
      "/Users/markpearl/Source/lairdubois-opencutlist-sketchup-extension/src/ladb_opencutlist/ruby/lib/bin_packing_2d/performance.rb": [
        1,
        null,
        1,
        null,
        1,
        null,
        1,
        36,
        36,
        36,
        36,
        36,
        36,
        null,
        null,
        null,
        null,
        null
      ],
      "/Users/markpearl/Source/lairdubois-opencutlist-sketchup-extension/src/ladb_opencutlist/ruby/lib/bin_packing_2d/packer.rb": [
        1,
        null,
        1,
        null,
        1,
        null,
        1,
        36,
        36,
        36,
        36,
        36,
        null,
        36,
        36,
        36,
        null,
        36,
        36,
        36,
        36,
        36,
        36,
        null,
        36,
        null,
        null,
        null,
        null,
        null,
        null,
        1,
        36,
        36,
        36,
        null,
        null,
        36,
        36,
        36,
        36,
        null,
        null,
        36,
        36,
        null,
        null,
        36,
        36,
        null,
        0,
        0,
        0,
        null,
        0,
        null,
        null,
        null,
        36,
        36,
        36,
        null,
        36,
        36,
        36,
        null,
        36,
        null,
        null,
        null,
        null,
        36,
        null,
        null,
        36,
        null,
        null,
        null,
        36,
        null,
        0,
        null,
        0,
        null,
        0,
        null,
        0,
        null,
        null,
        null,
        0,
        null,
        null,
        36,
        null,
        null,
        36,
        null,
        null,
        36,
        36,
        0,
        0,
        0,
        0,
        0,
        null,
        0,
        0,
        null,
        0,
        0,
        0,
        0,
        null,
        null,
        null,
        null,
        null,
        null,
        null,
        null,
        null,
        0,
        0,
        0,
        0,
        0,
        0,
        0,
        null,
        null,
        null,
        0,
        null,
        null,
        0,
        null,
        0,
        null,
        0,
        null,
        null,
        0,
        0,
        0,
        null,
        null,
        36,
        36,
        36,
        null,
        null,
        null,
        null,
        36,
        36,
        null,
        null,
        36,
        18,
        18,
        18,
        null,
        18,
        null,
        18,
        18,
        18,
        18,
        null,
        null,
        18,
        18,
        18,
        18,
        null,
        18,
        18,
        18,
        18,
        null,
        null,
        null,
        null,
        null,
        null,
        36,
        null,
        null,
        36,
        null,
        null,
        36,
        null,
        null,
        null,
        36,
        null,
        null,
        1,
        null,
        null,
        null,
        null,
        null,
        1,
        36,
        null,
        36,
        36,
        null,
        null,
        72,
        36,
        36,
        0,
        0,
        0,
        0,
        0,
        null,
        0,
        null,
        0,
        null,
        0,
        null,
        0,
        null,
        null,
        null,
        0,
        null,
        null,
        null,
        0,
        0,
        null,
        null,
        36,
        null,
        null,
        null,
        0,
        null,
        null,
        0,
        0,
        0,
        0,
        0,
        0,
        0,
        0,
        0,
        0,
        0,
        0,
        null,
        null,
        0,
        null,
        null,
        0,
        0,
        null,
        null,
        0,
        null,
        null,
        null,
        36,
        null,
        null,
        null,
        null,
        null,
        null,
        null,
        null,
        1,
        36,
        36,
        36,
        36,
        36,
        0,
        0,
        0,
        0,
        0,
        0,
        0,
        0,
        0,
        0,
        0,
        null,
        null,
        0,
        0,
        0,
        0,
        null,
        null,
        0,
        null,
        null,
        36,
        null,
        null,
        36,
        null,
        null,
        0,
        0,
        0,
        0,
        0,
        0,
        0,
        0,
        0,
        0,
        0,
        0,
        0,
        0,
        0,
        null,
        null,
        0,
        0,
        0,
        0,
        null,
        null,
        0,
        null,
        null,
        0,
        null,
        null,
        0,
        null,
        null,
        null,
        null,
        null,
        null,
        null,
        null,
        null,
        null,
        null,
        null,
        null,
        1,
        null,
        null,
        null,
        0,
        0,
        null,
        null,
        null,
        null,
        null,
        null,
        1,
        null,
        null,
        null,
        36,
        36,
        36,
        72,
        72,
        null,
        null,
        null,
        null,
        null,
        null,
        null,
        1,
        0,
        0,
        0,
        null,
        0,
        null,
        null,
        null,
        null,
        null,
        1,
        36,
        36,
        36,
        36,
        36,
        36,
        36,
        0,
        0,
        0,
        null,
        null,
        36,
        36,
        0,
        0,
        0,
        0,
        0,
        null,
        0,
        null,
        null,
        36,
        null,
        null,
        null,
        null,
        null,
        1,
        36,
        36,
        null,
        36,
        null,
        36,
        null,
        null,
        null,
        36,
        36,
        0,
        null,
        36,
        36,
        36,
        36,
        72,
        72,
        36,
        36,
        null,
        null,
        36,
        null,
        36,
        null,
        null,
        36,
        null,
        36,
        36,
        null,
        36,
        36,
        null,
        null,
        null,
        null,
        null
      ],
      "/Users/markpearl/Source/lairdubois-opencutlist-sketchup-extension/src/ladb_opencutlist/ruby/lib/bin_packing_2d/options.rb": [
        1,
        null,
        1,
        null,
        1,
        null,
        1,
        2,
        2,
        2,
        2,
        2,
        2,
        2,
        2,
        2,
        null,
        null,
        null,
        null,
        null
      ]
    },
    "timestamp": 1582328963
  }
}
