{
  "RSpec": {
    "coverage": {
      "/Users/markpearl/Source/lairdubois-opencutlist-sketchup-extension/src/ladb_opencutlist/ruby/constants.rb": [
        1,
        null,
        1,
        1,
        1,
        null,
        null
      ],
      "/Users/markpearl/Source/lairdubois-opencutlist-sketchup-extension/src/ladb_opencutlist/ruby/lib/bin_packing_2d/packengine.rb": [
        1,
        null,
        1,
        1,
        1,
        1,
        1,
        1,
        1,
        1,
        null,
        1,
        null,
        1,
        2,
        2,
        2,
        null,
        null,
        1,
        2,
        null,
        null,
        1,
        2,
        null,
        null,
        1,
        null,
        null,
        2,
        0,
        null,
        null,
        null,
        4,
        null,
        2,
        null,
        2,
        12,
        null,
        72,
        72,
        72,
        72,
        72,
        null,
        null,
        null,
        72,
        72,
        72,
        72,
        72,
        null,
        null,
        null,
        72,
        72,
        72,
        null,
        null,
        null,
        null,
        2,
        2,
        null,
        2,
        72,
        0,
        72,
        0,
        null,
        72,
        null,
        null,
        null,
        2,
        null,
        2,
        72,
        null,
        null,
        2,
        null,
        null,
        null
      ],
      "/Users/markpearl/Source/lairdubois-opencutlist-sketchup-extension/src/ladb_opencutlist/ruby/lib/bin_packing_2d/packing2d.rb": [
        1,
        null,
        1,
        null,
        1,
        1,
        1,
        1,
        1,
        null,
        1,
        1,
        1,
        null,
        1,
        1,
        1,
        null,
        1,
        1,
        1,
        1,
        1,
        1,
        null,
        1,
        1,
        1,
        1,
        1,
        1,
        null,
        1,
        1,
        null,
        1,
        1,
        1,
        1,
        null,
        1,
        null,
        1,
        0,
        0,
        0,
        0,
        null,
        0,
        null,
        0,
        null,
        null,
        null,
        1,
        0,
        0,
        0,
        0,
        null,
        0,
        null,
        0,
        null,
        null,
        null,
        1,
        0,
        0,
        0,
        0,
        null,
        0,
        null,
        0,
        null,
        null,
        null,
        null,
        null,
        null,
        null,
        null
      ],
      "/Users/markpearl/Source/lairdubois-opencutlist-sketchup-extension/src/ladb_opencutlist/ruby/lib/bin_packing_2d/box.rb": [
        1,
        null,
        1,
        null,
        1,
        null,
        1,
        2,
        2,
        2,
        2,
        2,
        2,
        2,
        2,
        2,
        null,
        null,
        null,
        null,
        null,
        1,
        72,
        72,
        null,
        null,
        null,
        null,
        null,
        1,
        0,
        null,
        0,
        0,
        null,
        0,
        0,
        0,
        0,
        0,
        null,
        null,
        null,
        null,
        null,
        null,
        1,
        0,
        null,
        0,
        0,
        null,
        0,
        0,
        0,
        0,
        0,
        0,
        null,
        null,
        null,
        null,
        null,
        null,
        1,
        0,
        0,
        0,
        null,
        0,
        null,
        null,
        null,
        null,
        null,
        null,
        1,
        0,
        0,
        0,
        0,
        0,
        null,
        0,
        null,
        0,
        0,
        null,
        0,
        0,
        null,
        null,
        0,
        null,
        null,
        1,
        72,
        null,
        null,
        null,
        null,
        1,
        0,
        0,
        0,
        null,
        null,
        null,
        null,
        1,
        0,
        null,
        null,
        null,
        1,
        36,
        null,
        null,
        null
      ],
      "/Users/markpearl/Source/lairdubois-opencutlist-sketchup-extension/src/ladb_opencutlist/ruby/lib/bin_packing_2d/bin.rb": [
        1,
        null,
        null,
        null,
        null,
        null,
        null,
        null,
        1,
        null,
        1,
        1,
        null,
        1,
        218,
        218,
        218,
        218,
        218,
        218,
        218,
        218,
        218,
        218,
        218,
        218,
        218,
        218,
        218,
        218,
        null,
        null,
        1,
        108,
        108,
        108,
        108,
        null,
        null,
        null,
        null,
        null,
        null,
        null,
        1,
        108,
        108,
        108,
        108,
        108,
        108,
        108,
        null,
        null,
        null,
        null,
        null,
        null,
        1,
        72,
        72,
        72,
        72,
        72,
        72,
        null,
        0,
        0,
        0,
        null,
        72,
        null,
        null,
        null,
        null,
        null,
        1,
        72,
        72,
        72,
        72,
        72,
        72,
        null,
        0,
        0,
        0,
        null,
        72,
        null,
        null,
        null,
        null,
        null,
        null,
        1,
        72,
        72,
        null,
        72,
        null,
        12,
        null,
        12,
        null,
        12,
        null,
        12,
        null,
        12,
        null,
        12,
        null,
        0,
        null,
        null,
        72,
        null,
        null,
        null,
        null,
        1,
        180,
        null,
        null,
        null,
        null,
        null,
        1,
        0,
        null,
        null,
        null,
        null,
        1,
        null,
        72,
        72,
        null,
        72,
        72,
        null,
        null,
        null,
        null,
        1,
        144,
        null,
        null,
        null,
        null,
        null,
        1,
        0,
        0,
        null,
        0,
        0,
        null,
        null,
        null,
        null,
        null,
        null,
        null,
        null,
        1,
        0,
        null,
        0,
        0,
        0,
        null,
        0,
        0,
        null,
        null,
        null,
        0,
        null,
        0,
        0,
        null,
        0,
        null,
        0,
        0,
        null,
        0,
        0,
        null,
        0,
        0,
        null,
        0,
        null,
        0,
        null,
        0,
        0,
        null,
        null,
        null,
        null,
        null,
        null,
        null,
        0,
        null,
        null,
        null,
        null,
        null,
        null,
        null,
        0,
        null,
        0,
        0,
        0,
        null,
        0,
        0,
        null,
        null,
        0,
        0,
        0,
        null,
        0,
        0,
        null,
        null,
        null,
        0,
        0,
        0,
        null,
        0,
        0,
        null,
        0,
        0,
        0,
        null,
        0,
        0,
        null,
        null,
        null,
        null,
        0,
        0,
        0,
        0,
        null,
        null,
        0,
        0,
        null,
        null,
        null,
        null,
        null,
        null,
        1,
        72,
        144,
        72,
        null,
        null,
        null,
        null,
        1,
        72,
        72,
        72,
        144,
        144,
        null,
        72,
        null,
        null,
        null,
        null,
        null,
        1,
        0,
        0,
        0,
        0,
        0,
        null,
        0,
        null,
        null,
        null,
        null,
        null,
        null,
        1,
        0,
        0,
        0,
        0,
        0,
        0,
        0,
        null,
        null,
        0,
        null,
        null,
        1,
        216,
        null,
        null,
        null,
        null,
        null
      ],
      "/Users/markpearl/Source/lairdubois-opencutlist-sketchup-extension/src/ladb_opencutlist/ruby/lib/bin_packing_2d/cut.rb": [
        1,
        null,
        1,
        null,
        1,
        null,
        1,
        144,
        144,
        144,
        144,
        144,
        null,
        null,
        1,
        144,
        72,
        null,
        null,
        1,
        144,
        72,
        null,
        null,
        null,
        null,
        null
      ],
      "/Users/markpearl/Source/lairdubois-opencutlist-sketchup-extension/src/ladb_opencutlist/ruby/lib/bin_packing_2d/score.rb": [
        1,
        null,
        1,
        null,
        null,
        1,
        null,
        1,
        1,
        1,
        1,
        1,
        1,
        null,
        null,
        null,
        1,
        54,
        null,
        12,
        null,
        12,
        null,
        12,
        null,
        6,
        null,
        6,
        null,
        6,
        null,
        null,
        null,
        null,
        null,
        1,
        72,
        null,
        72,
        null,
        72,
        null,
        72,
        72,
        72,
        72,
        72,
        72,
        null,
        72,
        36,
        36,
        36,
        0,
        36,
        0,
        null,
        36,
        null,
        36,
        null,
        72,
        0,
        0,
        0,
        0,
        0,
        0,
        0,
        0,
        null,
        0,
        null,
        0,
        null,
        null,
        null,
        null,
        72,
        0,
        0,
        0,
        0,
        0,
        null,
        0,
        null,
        0,
        0,
        null,
        72,
        36,
        36,
        0,
        null,
        72,
        null,
        null,
        null,
        144,
        72,
        null,
        null,
        null,
        null,
        null
      ],
      "/Users/markpearl/Source/lairdubois-opencutlist-sketchup-extension/src/ladb_opencutlist/ruby/lib/bin_packing_2d/performance.rb": [
        1,
        null,
        1,
        null,
        1,
        null,
        1,
        72,
        72,
        72,
        72,
        72,
        72,
        null,
        null,
        null,
        null,
        null
      ],
      "/Users/markpearl/Source/lairdubois-opencutlist-sketchup-extension/src/ladb_opencutlist/ruby/lib/bin_packing_2d/packer.rb": [
        1,
        null,
        1,
        null,
        1,
        null,
        1,
        72,
        72,
        72,
        72,
        72,
        null,
        72,
        72,
        72,
        null,
        72,
        72,
        72,
        72,
        72,
        72,
        null,
        72,
        null,
        null,
        null,
        null,
        null,
        null,
        1,
        72,
        72,
        72,
        null,
        null,
        72,
        72,
        72,
        72,
        null,
        null,
        72,
        0,
        null,
        null,
        0,
        0,
        null,
        72,
        72,
        72,
        null,
        72,
        null,
        null,
        null,
        72,
        72,
        72,
        null,
        72,
        72,
        72,
        null,
        72,
        null,
        null,
        null,
        null,
        72,
        null,
        null,
        72,
        null,
        null,
        null,
        72,
        null,
        0,
        null,
        0,
        null,
        0,
        null,
        0,
        null,
        null,
        null,
        0,
        null,
        null,
        72,
        null,
        null,
        72,
        null,
        null,
        72,
        72,
        36,
        0,
        0,
        0,
        0,
        null,
        36,
        36,
        null,
        36,
        0,
        0,
        0,
        null,
        null,
        null,
        null,
        null,
        null,
        null,
        null,
        null,
        36,
        36,
        36,
        36,
        36,
        36,
        36,
        null,
        null,
        null,
        0,
        null,
        null,
        0,
        null,
        0,
        null,
        0,
        null,
        null,
        0,
        0,
        0,
        null,
        null,
        36,
        36,
        36,
        null,
        null,
        null,
        null,
        72,
        72,
        null,
        null,
        72,
        36,
        36,
        36,
        null,
        36,
        null,
        36,
        36,
        36,
        36,
        null,
        null,
        36,
        36,
        36,
        36,
        null,
        36,
        36,
        36,
        36,
        null,
        null,
        null,
        null,
        null,
        null,
        72,
        null,
        null,
        72,
        null,
        null,
        72,
        null,
        null,
        null,
        72,
        null,
        null,
        1,
        null,
        null,
        null,
        null,
        null,
        1,
        72,
        null,
        72,
        72,
        null,
        null,
        144,
        72,
        72,
        0,
        0,
        0,
        0,
        0,
        null,
        0,
        null,
        0,
        null,
        0,
        null,
        0,
        null,
        null,
        null,
        0,
        null,
        null,
        null,
        0,
        0,
        null,
        null,
        72,
        null,
        null,
        null,
        0,
        null,
        null,
        0,
        0,
        0,
        0,
        0,
        0,
        0,
        0,
        0,
        0,
        0,
        0,
        null,
        null,
        0,
        null,
        null,
        0,
        0,
        null,
        null,
        0,
        null,
        null,
        null,
        72,
        null,
        null,
        null,
        null,
        null,
        null,
        null,
        null,
        1,
        72,
        72,
        108,
        108,
        72,
        0,
        0,
        0,
        0,
        0,
        0,
        0,
        0,
        0,
        0,
        0,
        null,
        null,
        0,
        0,
        0,
        0,
        null,
        null,
        0,
        null,
        null,
        72,
        null,
        null,
        108,
        null,
        null,
        0,
        0,
        0,
        0,
        0,
        0,
        0,
        0,
        0,
        0,
        0,
        0,
        0,
        0,
        0,
        null,
        null,
        0,
        0,
        0,
        0,
        null,
        null,
        0,
        null,
        null,
        0,
        null,
        null,
        0,
        null,
        null,
        null,
        null,
        null,
        null,
        null,
        null,
        null,
        null,
        null,
        null,
        null,
        1,
        null,
        null,
        null,
        0,
        0,
        null,
        null,
        null,
        null,
        null,
        null,
        1,
        null,
        null,
        null,
        72,
        108,
        108,
        288,
        180,
        null,
        null,
        null,
        null,
        null,
        null,
        null,
        1,
        0,
        0,
        0,
        null,
        0,
        null,
        null,
        null,
        null,
        null,
        1,
        72,
        72,
        72,
        72,
        72,
        72,
        36,
        36,
        0,
        0,
        null,
        null,
        72,
        36,
        36,
        36,
        0,
        0,
        0,
        null,
        0,
        null,
        null,
        72,
        null,
        null,
        null,
        null,
        null,
        1,
        72,
        72,
        null,
        72,
        null,
        72,
        null,
        null,
        null,
        72,
        108,
        36,
        null,
        72,
        72,
        72,
        72,
        144,
        144,
        72,
        72,
        null,
        null,
        72,
        null,
        72,
        null,
        null,
        72,
        null,
        72,
        72,
        null,
        72,
        72,
        null,
        null,
        null,
        null,
        null
      ],
      "/Users/markpearl/Source/lairdubois-opencutlist-sketchup-extension/src/ladb_opencutlist/ruby/lib/bin_packing_2d/options.rb": [
        1,
        null,
        1,
        null,
        1,
        null,
        1,
        1,
        1,
        1,
        1,
        1,
        1,
        1,
        1,
        1,
        null,
        null,
        null,
        null,
        null
      ]
    },
    "timestamp": 1582326526
  }
}
